<?xml version="1.0" encoding="UTF-8"?>
<testng-results ignored="0" total="1" passed="1" failed="0" skipped="0">
  <reporter-output>
  </reporter-output>
  <suite started-at="2021-08-31T17:19:58 IST" name="Suite" finished-at="2021-08-31T17:19:58 IST" duration-ms="32">
    <groups>
    </groups>
    <test started-at="2021-08-31T17:19:58 IST" name="Test" finished-at="2021-08-31T17:19:58 IST" duration-ms="32">
      <class name="testNGpkg.TestNGClass">
        <test-method is-config="true" signature="beforeMethod()[pri:0, instance:testNGpkg.TestNGClass@6f27a732]" started-at="2021-08-31T17:19:58 IST" name="beforeMethod" finished-at="2021-08-31T17:19:58 IST" duration-ms="3" status="PASS">
          <reporter-output>
          </reporter-output>
        </test-method> <!-- beforeMethod -->
        <test-method signature="f()[pri:0, instance:testNGpkg.TestNGClass@6f27a732]" started-at="2021-08-31T17:19:58 IST" name="f" finished-at="2021-08-31T17:19:58 IST" duration-ms="4" status="PASS">
          <reporter-output>
          </reporter-output>
        </test-method> <!-- f -->
        <test-method is-config="true" signature="afterMethod()[pri:0, instance:testNGpkg.TestNGClass@6f27a732]" started-at="2021-08-31T17:19:58 IST" name="afterMethod" finished-at="2021-08-31T17:19:58 IST" duration-ms="0" status="PASS">
          <reporter-output>
          </reporter-output>
        </test-method> <!-- afterMethod -->
      </class> <!-- testNGpkg.TestNGClass -->
    </test> <!-- Test -->
  </suite> <!-- Suite -->
</testng-results>
